4200
1 2 3979
1 3 1456
1 4 3640
1 5 3413
1 6 2271
1 7 1725
1 8 4639
1 9 2706
1 10 4496
1 11 2224
1 12 559
1 13 4647
1 14 1180
1 15 4996
1 16 1879
1 17 1572
1 18 3485
1 19 4954
1 20 1454
1 21 996
1 22 2922
1 23 97
1 24 1084
1 25 848
1 26 1809
1 27 723
1 28 2860
1 29 3181
1 30 3215
1 31 4564
1 32 727
1 33 4098
1 34 3471
1 35 3965
1 36 4544
1 37 2547
1 38 1002
1 39 3048
1 40 4752
1 41 650
1 42 2374
1 43 2328
1 44 403
1 45 3476
1 46 4949
1 47 374
1 48 1953
1 49 1468
1 50 481
1 51 1929
1 52 2692
1 53 4295
1 54 323
1 55 4383
1 56 4091
1 57 553
1 58 634
1 59 4579
1 60 711
1 61 3547
1 62 151
1 63 756
1 64 4477
1 65 4392
1 66 3609
1 67 4823
1 68 1298
1 69 4801
1 70 872
1 71 3284
1 72 32
1 73 3214
1 74 205
1 75 862
1 76 4743
1 77 4374
1 78 3869
1 79 4278
1 80 1032
1 81 4085
1 82 408
1 83 4701
1 84 1000
1 85 2607
1 86 591
1 87 1100
1 88 4049
1 89 2104
1 90 2935
1 91 3102
1 92 2292
1 93 612
1 94 162
1 95 992
1 96 4823
1 97 2225
1 98 4713
1 99 2164
1 100 4486
1 101 610
1 102 4678
1 103 2685
1 104 4039
1 105 465
1 106 1092
1 107 4631
1 108 844
1 109 4272
1 110 3595
1 111 4485
1 112 267
1 113 4533
1 114 3838
1 115 244
1 116 3018
1 117 4692
1 118 4905
1 119 4786
1 120 541
1 121 129
1 122 211
1 123 727
1 124 397
1 125 3905
1 126 2007
1 127 2234
1 128 312
1 129 459
1 130 2680
1 131 2231
1 132 170
1 133 4074
1 134 1462
1 135 3982
1 136 785
1 137 2705
1 138 74
1 139 4333
1 140 1730
1 141 1761
1 142 3051
1 143 1755
1 144 2840
1 145 1492
1 146 2215
1 147 907
1 148 260
1 149 912
1 150 4813
1 151 1674
1 152 3074
1 153 622
1 154 1344
1 155 4454
1 156 636
1 157 1451
1 158 1994
1 159 57
1 160 3652
1 161 570
1 162 4884
1 163 1725
1 164 3999
1 165 1638
1 166 73
1 167 3631
1 168 3998
1 169 546
1 170 338
1 171 4720
1 172 607
1 173 3579
1 174 3299
1 175 3898
1 176 3535
1 177 114
1 178 4381
1 179 2392
1 180 3844
1 181 2529
1 182 1413
1 183 1574
1 184 977
1 185 1651
1 186 4444
1 187 4637
1 188 1479
1 189 1884
1 190 3471
1 191 3338
1 192 1909
1 193 1168
1 194 2330
1 195 1403
1 196 1559
1 197 2020
1 198 3970
1 199 4325
1 200 2639
1 201 1252
1 202 687
1 203 1005
1 204 1533
1 205 2350
1 206 2666
1 207 1094
1 208 4563
1 209 1159
1 210 4358
1 211 2974
1 212 479
1 213 2259
1 214 792
1 215 1000
1 216 4531
1 217 316
1 218 4937
1 219 2017
1 220 550
1 221 2816
1 222 2583
1 223 201
1 224 2959
1 225 2767
1 226 3061
1 227 927
1 228 4987
1 229 2388
1 230 2289
1 231 3748
1 232 2658
1 233 1316
1 234 4257
1 235 1528
1 236 1332
1 237 572
1 238 3110
1 239 2460
1 240 2638
1 241 1402
1 242 371
1 243 3977
1 244 4692
1 245 1076
1 246 711
1 247 2552
1 248 2360
1 249 961
1 250 4907
1 251 1008
1 252 2169
1 253 444
1 254 258
1 255 208
1 256 3187
1 257 3808
1 258 1807
1 259 4963
1 260 821
1 261 782
1 262 2147
1 263 4574
1 264 12
1 265 292
1 266 3479
1 267 1664
1 268 2769
1 269 862
1 270 2845
1 271 3865
1 272 2305
1 273 267
1 274 130
1 275 1494
1 276 2310
1 277 1260
1 278 3535
1 279 548
1 280 67
1 281 4626
1 282 3688
1 283 4237
1 284 1147
1 285 422
1 286 464
1 287 2802
1 288 1438
1 289 2927
1 290 888
1 291 527
1 292 4110
1 293 4797
1 294 2203
1 295 730
1 296 4924
1 297 884
1 298 1299
1 299 3984
1 300 3965
1 301 2436
1 302 214
1 303 1998
1 304 509
1 305 2733
1 306 2357
1 307 4367
1 308 193
1 309 700
1 310 421
1 311 2898
1 312 125
1 313 4759
1 314 4704
1 315 3325
1 316 2833
1 317 4969
1 318 4700
1 319 2001
1 320 4217
1 321 2479
1 322 2373
1 323 590
1 324 3770
1 325 1506
1 326 2472
1 327 4896
1 328 2397
1 329 273
1 330 3640
1 331 4671
1 332 4067
1 333 3859
1 334 3809
1 335 4689
1 336 2427
1 337 3472
1 338 4565
1 339 3404
1 340 2215
1 341 3447
1 342 1752
1 343 4239
1 344 3010
1 345 4173
1 346 3556
1 347 927
1 348 4403
1 349 1237
1 350 2745
1 351 2335
1 352 2139
1 353 3304
1 354 1477
1 355 3918
1 356 4190
1 357 3638
1 358 377
1 359 2261
1 360 3979
1 361 2705
1 362 3120
1 363 1173
1 364 167
1 365 2024
1 366 3844
1 367 2470
1 368 3538
1 369 2246
1 370 2086
1 371 1856
1 372 1492
1 373 1514
1 374 3820
1 375 314
1 376 4593
1 377 3251
1 378 2371
1 379 4015
1 380 2406
1 381 923
1 382 4653
1 383 1045
1 384 2629
1 385 749
1 386 1217
1 387 1178
1 388 3088
1 389 2003
1 390 3063
1 391 527
1 392 773
1 393 3320
1 394 4019
1 395 1121
1 396 471
1 397 2397
1 398 4778
1 399 1398
1 400 2951
1 401 557
1 402 3349
1 403 2142
1 404 3872
1 405 2930
1 406 1766
1 407 3601
1 408 4773
1 409 4411
1 410 386
1 411 3419
1 412 1560
1 413 1136
1 414 4005
1 415 1520
1 416 3874
1 417 1941
1 418 3316
1 419 2282
1 420 619
1 421 4172
1 422 959
1 423 1167
1 424 2699
1 425 3237
1 426 3492
1 427 2487
1 428 3717
1 429 509
1 430 4186
1 431 2121
1 432 2979
1 433 4537
1 434 1408
1 435 3818
1 436 2655
1 437 1039
1 438 3755
1 439 190
1 440 2371
1 441 2808
1 442 790
1 443 4606
1 444 4792
1 445 1509
1 446 2400
1 447 2995
1 448 19
1 449 4305
1 450 355
1 451 4988
1 452 4728
1 453 4402
1 454 2580
1 455 1925
1 456 4010
1 457 886
1 458 4036
1 459 4996
1 460 4847
1 461 4685
1 462 2880
1 463 193
1 464 4964
1 465 4095
1 466 1721
1 467 2806
1 468 4584
1 469 53
1 470 1420
1 471 2920
1 472 1262
1 473 3293
1 474 3817
1 475 4724
1 476 4535
1 477 2562
1 478 208
1 479 1487
1 480 2623
1 481 334
1 482 4177
1 483 4748
1 484 2761
1 485 4811
1 486 595
1 487 576
1 488 50
1 489 4591
1 490 2207
1 491 2788
1 492 1921
1 493 46
1 494 1283
1 495 2644
1 496 1355
1 497 3315
1 498 1180
1 499 1863
1 500 2073
1 501 1855
1 502 1542
1 503 753
1 504 2764
1 505 3622
1 506 1085
1 507 881
1 508 271
1 509 322
1 510 3561
1 511 1992
1 512 3354
1 513 3613
1 514 540
1 515 807
1 516 4318
1 517 2808
1 518 4130
1 519 4927
1 520 274
1 521 1407
1 522 3583
1 523 3325
1 524 4290
1 525 3738
1 526 2052
1 527 796
1 528 4027
1 529 2099
1 530 3385
1 531 2307
1 532 1685
1 533 4048
1 534 3983
1 535 4404
1 536 4281
1 537 3915
1 538 1188
1 539 4686
1 540 2325
1 541 2179
1 542 2605
1 543 1926
1 544 2942
1 545 1084
1 546 20
1 547 3550
1 548 363
1 549 4767
1 550 2331
1 551 4073
1 552 2501
1 553 2195
1 554 3984
1 555 2558
1 556 2015
1 557 1426
1 558 3946
1 559 4331
1 560 3865
1 561 4062
1 562 177
1 563 1992
1 564 3870
1 565 4260
1 566 875
1 567 3224
1 568 4180
1 569 2362
1 570 1537
1 571 3033
1 572 1908
1 573 4007
1 574 996
1 575 816
1 576 1378
1 577 1573
1 578 165
1 579 3103
1 580 3576
1 581 957
1 582 4174
1 583 904
1 584 3436
1 585 2962
1 586 1933
1 587 1335
1 588 1532
1 589 33
1 590 1952
1 591 1610
1 592 1580
1 593 679
1 594 4412
1 595 4528
1 596 3941
1 597 693
1 598 2052
1 599 3330
1 600 2940
1 601 2183
1 602 1448
1 603 139
1 604 2414
1 605 3526
1 606 1644
1 607 1246
1 608 4366
1 609 554
1 610 3900
1 611 4180
1 612 4961
1 613 1714
1 614 4523
1 615 855
1 616 425
1 617 2443
1 618 2375
1 619 3062
1 620 2575
1 621 1730
1 622 3655
1 623 1235
1 624 4792
1 625 1682
1 626 3994
1 627 4756
1 628 4310
1 629 3926
1 630 1735
1 631 1980
1 632 532
1 633 4833
1 634 1486
1 635 827
1 636 1959
1 637 4915
1 638 3714
1 639 1044
1 640 1020
1 641 1176
1 642 4174
1 643 2182
1 644 1704
1 645 4874
1 646 1438
1 647 1918
1 648 4475
1 649 929
1 650 1644
1 651 2613
1 652 1343
1 653 4170
1 654 1860
1 655 4873
1 656 1348
1 657 1703
1 658 2149
1 659 475
1 660 2964
1 661 4967
1 662 1466
1 663 3210
1 664 60
1 665 4463
1 666 4055
1 667 65
1 668 2180
1 669 4679
1 670 871
1 671 1731
1 672 2818
1 673 1527
1 674 4872
1 675 546
1 676 1281
1 677 4442
1 678 4739
1 679 890
1 680 4511
1 681 357
1 682 3673
1 683 1496
1 684 4920
1 685 1987
1 686 3466
1 687 1319
1 688 3905
1 689 3168
1 690 3955
1 691 411
1 692 3201
1 693 4555
1 694 4292
1 695 4705
1 696 2648
1 697 3627
1 698 238
1 699 3750
1 700 3274
1 701 3760
1 702 777
1 703 3207
1 704 3798
1 705 3161
1 706 2963
1 707 4344
1 708 1807
1 709 527
1 710 812
1 711 881
1 712 2889
1 713 638
1 714 2468
1 715 4257
1 716 1943
1 717 4524
1 718 4587
1 719 1816
1 720 749
1 721 447
1 722 4121
1 723 3442
1 724 4611
1 725 3711
1 726 203
1 727 939
1 728 3579
1 729 239
1 730 2889
1 731 747
1 732 298
1 733 903
1 734 841
1 735 4697
1 736 2013
1 737 861
1 738 1902
1 739 129
1 740 3652
1 741 512
1 742 3669
1 743 69
1 744 2163
1 745 2242
1 746 816
1 747 1150
1 748 4522
1 749 4832
1 750 1923
1 751 1619
1 752 2871
1 753 246
1 754 1016
1 755 4074
1 756 304
1 757 537
1 758 2813
1 759 2547
1 760 4679
1 761 782
1 762 972
1 763 1171
1 764 706
1 765 2272
1 766 210
1 767 1943
1 768 2228
1 769 3668
1 770 1289
1 771 2039
1 772 2289
1 773 1485
1 774 2260
1 775 1705
1 776 3094
1 777 30
1 778 256
1 779 2037
1 780 1406
1 781 4902
1 782 383
1 783 2816
1 784 2297
1 785 3255
1 786 1944
1 787 4159
1 788 396
1 789 3275
1 790 2296
1 791 1957
1 792 2960
1 793 4768
1 794 154
1 795 926
1 796 3149
1 797 2310
1 798 3021
1 799 646
1 800 4868
1 801 2144
1 802 2767
1 803 4139
1 804 2407
1 805 3914
1 806 4029
1 807 367
1 808 3914
1 809 3338
1 810 2293
1 811 1561
1 812 2407
1 813 2160
1 814 1956
1 815 3395
1 816 1656
1 817 2042
1 818 4675
1 819 877
1 820 1736
1 821 4602
1 822 4569
1 823 274
1 824 501
1 825 442
1 826 4644
1 827 2493
1 828 2516
1 829 857
1 830 2899
1 831 1158
1 832 1226
1 833 1898
1 834 2177
1 835 4024
1 836 3265
1 837 1574
1 838 4727
1 839 4466
1 840 837
1 841 2311
1 842 864
1 843 548
1 844 4064
1 845 2200
1 846 837
1 847 2558
1 848 11
1 849 197
1 850 224
1 851 953
1 852 3893
1 853 2185
1 854 1731
1 855 403
1 856 594
1 857 1741
1 858 286
1 859 1960
1 860 1227
1 861 1514
1 862 3700
1 863 4425
1 864 4904
1 865 3353
1 866 2963
1 867 2667
1 868 294
1 869 2724
1 870 4468
1 871 4997
1 872 4826
1 873 483
1 874 1053
1 875 3672
1 876 1566
1 877 2781
1 878 4794
1 879 2292
1 880 4933
1 881 2731
1 882 1877
1 883 1130
1 884 1380
1 885 480
1 886 3740
1 887 1434
1 888 124
1 889 1505
1 890 3897
1 891 2315
1 892 1781
1 893 1254
1 894 1509
1 895 4178
1 896 4520
1 897 2768
1 898 824
1 899 518
1 900 2964
1 901 2533
1 902 42
1 903 552
1 904 4600
1 905 3612
1 906 4059
1 907 3367
1 908 1918
1 909 4059
1 910 2792
1 911 184
1 912 822
1 913 2718
1 914 471
1 915 4901
1 916 2142
1 917 3789
1 918 1357
1 919 4270
1 920 3210
1 921 932
1 922 3859
1 923 2978
1 924 543
1 925 1289
1 926 2890
1 927 379
1 928 2654
1 929 4507
1 930 4617
1 931 4850
1 932 3878
1 933 1757
1 934 3473
1 935 3566
1 936 901
1 937 4764
1 938 3409
1 939 4984
1 940 3360
1 941 81
1 942 3866
1 943 3492
1 944 3489
1 945 4196
1 946 919
1 947 470
1 948 2286
1 949 557
1 950 322
1 951 3506
1 952 1095
1 953 288
1 954 1963
1 955 586
1 956 2797
1 957 4185
1 958 4380
1 959 3907
1 960 1050
1 961 4564
1 962 3508
1 963 3359
1 964 4138
1 965 1668
1 966 1829
1 967 2827
1 968 2005
1 969 642
1 970 2426
1 971 3209
1 972 1039
1 973 1521
1 974 2243
1 975 4456
1 976 976
1 977 1304
1 978 4996
1 979 4989
1 980 2060
1 981 3923
1 982 1793
1 983 563
1 984 3279
1 985 861
1 986 1493
1 987 1034
1 988 4031
1 989 2223
1 990 3237
1 991 2509
1 992 2069
1 993 327
1 994 383
1 995 4017
1 996 4947
1 997 228
1 998 3279
1 999 2230
1 1000 483
1 1001 4174
1 1002 2944
1 1003 4716
1 1004 3924
1 1005 4673
1 1006 3712
1 1007 1873
1 1008 632
1 1009 3685
1 1010 358
1 1011 21
1 1012 3085
1 1013 3528
1 1014 4031
1 1015 3060
1 1016 4910
1 1017 3175
1 1018 1573
1 1019 2758
1 1020 2489
1 1021 2018
1 1022 4439
1 1023 2984
1 1024 1381
1 1025 1604
1 1026 1491
1 1027 1162
1 1028 468
1 1029 4514
1 1030 4408
1 1031 782
1 1032 1220
1 1033 3344
1 1034 274
1 1035 2084
1 1036 2978
1 1037 1686
1 1038 3248
1 1039 3908
1 1040 2441
1 1041 3129
1 1042 826
1 1043 3269
1 1044 1839
1 1045 3559
1 1046 333
1 1047 454
1 1048 420
1 1049 1444
1 1050 2756
1 1051 1270
1 1052 2957
1 1053 377
1 1054 3925
1 1055 4631
1 1056 1925
1 1057 2889
1 1058 2357
1 1059 2854
1 1060 1925
1 1061 4401
1 1062 3770
1 1063 3855
1 1064 668
1 1065 1273
1 1066 4419
1 1067 3958
1 1068 576
1 1069 2056
1 1070 3884
1 1071 2164
1 1072 3595
1 1073 1467
1 1074 2914
1 1075 1548
1 1076 4386
1 1077 2058
1 1078 3215
1 1079 912
1 1080 3414
1 1081 4281
1 1082 3862
1 1083 4947
1 1084 1814
1 1085 1420
1 1086 3102
1 1087 3938
1 1088 4103
1 1089 1887
1 1090 4928
1 1091 4470
1 1092 2967
1 1093 2484
1 1094 1705
1 1095 693
1 1096 2369
1 1097 2554
1 1098 2542
1 1099 1456
1 1100 1172
1 1101 366
1 1102 1833
1 1103 2002
1 1104 4318
1 1105 4718
1 1106 3604
1 1107 11
1 1108 2359
1 1109 1467
1 1110 4851
1 1111 4442
1 1112 2808
1 1113 1655
1 1114 73
1 1115 2065
1 1116 3323
1 1117 4939
1 1118 4583
1 1119 527
1 1120 2231
1 1121 4281
1 1122 980
1 1123 3555
1 1124 1268
1 1125 255
1 1126 1391
1 1127 3167
1 1128 3708
1 1129 836
1 1130 2678
1 1131 832
1 1132 3222
1 1133 272
1 1134 2859
1 1135 4103
1 1136 4943
1 1137 3484
1 1138 4380
1 1139 2617
1 1140 190
1 1141 434
1 1142 3754
1 1143 2278
1 1144 213
1 1145 3102
1 1146 2273
1 1147 4086
1 1148 2172
1 1149 1014
1 1150 4187
1 1151 4345
1 1152 2240
1 1153 4755
1 1154 1771
1 1155 917
1 1156 1390
1 1157 532
1 1158 1158
1 1159 778
1 1160 3934
1 1161 2654
1 1162 3705
1 1163 2391
1 1164 2348
1 1165 4745
1 1166 4899
1 1167 2290
1 1168 4239
1 1169 4599
1 1170 1500
1 1171 3863
1 1172 3593
1 1173 1866
1 1174 2711
1 1175 2503
1 1176 3578
1 1177 2180
1 1178 2635
1 1179 194
1 1180 2274
1 1181 880
1 1182 4189
1 1183 4105
1 1184 628
1 1185 4262
1 1186 3943
1 1187 2979
1 1188 3880
1 1189 1132
1 1190 3047
1 1191 1914
1 1192 3417
1 1193 2516
1 1194 1555
1 1195 644
1 1196 762
1 1197 2560
1 1198 1938
1 1199 2590
1 1200 3981
1 1201 4016
1 1202 2529
1 1203 1748
1 1204 4293
1 1205 2225
1 1206 2969
1 1207 1935
1 1208 2075
1 1209 2176
1 1210 1466
1 1211 3083
1 1212 1805
1 1213 4036
1 1214 2813
1 1215 1982
1 1216 4657
1 1217 3546
1 1218 1677
1 1219 378
1 1220 638
1 1221 4803
1 1222 2620
1 1223 1352
1 1224 4163
1 1225 4232
1 1226 1683
1 1227 722
1 1228 2930
1 1229 1033
1 1230 4128
1 1231 3561
1 1232 4781
1 1233 962
1 1234 4114
1 1235 2005
1 1236 1010
1 1237 2087
1 1238 4668
1 1239 4252
1 1240 2235
1 1241 3070
1 1242 297
1 1243 987
1 1244 4503
1 1245 1613
1 1246 4981
1 1247 4554
1 1248 3805
1 1249 2914
1 1250 95
1 1251 2810
1 1252 1513
1 1253 397
1 1254 17
1 1255 4017
1 1256 1578
1 1257 3500
1 1258 2780
1 1259 1040
1 1260 2497
1 1261 14
1 1262 4159
1 1263 2847
1 1264 3158
1 1265 3328
1 1266 1014
1 1267 3571
1 1268 1691
1 1269 2935
1 1270 3528
1 1271 4374
1 1272 339
1 1273 4736
1 1274 1224
1 1275 976
1 1276 2209
1 1277 988
1 1278 4309
1 1279 4989
1 1280 2466
1 1281 3252
1 1282 4914
1 1283 132
1 1284 2166
1 1285 296
1 1286 2269
1 1287 4984
1 1288 2477
1 1289 1735
1 1290 1741
1 1291 2202
1 1292 448
1 1293 2121
1 1294 4886
1 1295 5
1 1296 4867
1 1297 4315
1 1298 1381
1 1299 308
1 1300 1987
1 1301 222
1 1302 3780
1 1303 4094
1 1304 1054
1 1305 1403
1 1306 2495
1 1307 3482
1 1308 3661
1 1309 1646
1 1310 1358
1 1311 1498
1 1312 3899
1 1313 3300
1 1314 3349
1 1315 4708
1 1316 3175
1 1317 4093
1 1318 1855
1 1319 732
1 1320 4351
1 1321 1159
1 1322 4882
1 1323 2166
1 1324 4535
1 1325 4237
1 1326 3196
1 1327 569
1 1328 4473
1 1329 331
1 1330 3282
1 1331 3984
1 1332 4989
1 1333 2661
1 1334 2352
1 1335 3955
1 1336 2322
1 1337 2366
1 1338 357
1 1339 3091
1 1340 4539
1 1341 2298
1 1342 3123
1 1343 2019
1 1344 430
1 1345 3172
1 1346 1267
1 1347 11
1 1348 389
1 1349 3514
1 1350 1513
1 1351 1651
1 1352 876
1 1353 1126
1 1354 403
1 1355 2657
1 1356 4940
1 1357 240
1 1358 135
1 1359 1367
1 1360 1175
1 1361 137
1 1362 2484
1 1363 3488
1 1364 2208
1 1365 2786
1 1366 4308
1 1367 1385
1 1368 1494
1 1369 3937
1 1370 2143
1 1371 580
1 1372 3759
1 1373 4241
1 1374 3790
1 1375 160
1 1376 4901
1 1377 4123
1 1378 1588
1 1379 467
1 1380 1537
1 1381 3598
1 1382 299
1 1383 799
1 1384 3676
1 1385 712
1 1386 2104
1 1387 1822
1 1388 1198
1 1389 0
1 1390 2273
1 1391 2087
1 1392 884
1 1393 240
1 1394 1475
1 1395 309
1 1396 806
1 1397 3748
1 1398 4524
1 1399 69
1 1400 2722
1 1401 2661
1 1402 613
1 1403 1197
1 1404 1015
1 1405 976
1 1406 1724
1 1407 2395
1 1408 3372
1 1409 4573
1 1410 3943
1 1411 2560
1 1412 4084
1 1413 124
1 1414 896
1 1415 3900
1 1416 341
1 1417 2542
1 1418 4352
1 1419 3148
1 1420 362
1 1421 4615
1 1422 4335
1 1423 3100
1 1424 4545
1 1425 1540
1 1426 4751
1 1427 261
1 1428 2077
1 1429 2370
1 1430 629
1 1431 586
1 1432 596
1 1433 4767
1 1434 4545
1 1435 4205
1 1436 575
1 1437 4068
1 1438 2722
1 1439 1506
1 1440 4067
1 1441 2377
1 1442 572
1 1443 2174
1 1444 4338
1 1445 3283
1 1446 3175
1 1447 606
1 1448 3682
1 1449 2877
1 1450 3298
1 1451 618
1 1452 1425
1 1453 2898
1 1454 3064
1 1455 4521
1 1456 2712
1 1457 2225
1 1458 337
1 1459 1449
1 1460 1180
1 1461 3447
1 1462 2188
1 1463 2286
1 1464 30
1 1465 1880
1 1466 577
1 1467 3662
1 1468 1325
1 1469 267
1 1470 4509
1 1471 1272
1 1472 2579
1 1473 3343
1 1474 3480
1 1475 3196
1 1476 2804
1 1477 2611
1 1478 4003
1 1479 1998
1 1480 2249
1 1481 2947
1 1482 4340
1 1483 124
1 1484 990
1 1485 4122
1 1486 2352
1 1487 1528
1 1488 1380
1 1489 1919
1 1490 2569
1 1491 3502
1 1492 3120
1 1493 299
1 1494 1137
1 1495 1420
1 1496 2398
1 1497 2979
1 1498 1298
1 1499 460
1 1500 3062
1 1501 4864
1 1502 2482
1 1503 2414
1 1504 3318
1 1505 1007
1 1506 2841
1 1507 2362
1 1508 793
1 1509 3162
1 1510 3305
1 1511 4341
1 1512 2091
1 1513 1531
1 1514 840
1 1515 2130
1 1516 185
1 1517 2004
1 1518 4603
1 1519 933
1 1520 4048
1 1521 2072
1 1522 1122
1 1523 3041
1 1524 4978
1 1525 1571
1 1526 3464
1 1527 519
1 1528 2928
1 1529 2603
1 1530 4585
1 1531 610
1 1532 4038
1 1533 1311
1 1534 1712
1 1535 4787
1 1536 2211
1 1537 2648
1 1538 1650
1 1539 358
1 1540 3277
1 1541 2937
1 1542 1369
1 1543 4090
1 1544 4770
1 1545 3792
1 1546 4091
1 1547 578
1 1548 2833
1 1549 4946
1 1550 3363
1 1551 3995
1 1552 58
1 1553 2612
1 1554 1287
1 1555 403
1 1556 4393
1 1557 4286
1 1558 2151
1 1559 4026
1 1560 4334
1 1561 310
1 1562 4200
1 1563 4778
1 1564 4755
1 1565 2084
1 1566 187
1 1567 821
1 1568 653
1 1569 1565
1 1570 1627
1 1571 4167
1 1572 2996
1 1573 1557
1 1574 2412
1 1575 4146
1 1576 1625
1 1577 1361
1 1578 4532
1 1579 3056
1 1580 4874
1 1581 2526
1 1582 2188
1 1583 490
1 1584 4159
1 1585 4835
1 1586 500
1 1587 2615
1 1588 4296
1 1589 3148
1 1590 1349
1 1591 175
1 1592 1704
1 1593 1386
1 1594 1625
1 1595 4075
1 1596 3005
1 1597 796
1 1598 3309
1 1599 216
1 1600 706
1 1601 589
1 1602 369
1 1603 668
1 1604 817
1 1605 195
1 1606 4384
1 1607 1358
1 1608 4281
1 1609 3669
1 1610 4213
1 1611 2204
1 1612 30
1 1613 3234
1 1614 4765
1 1615 4026
1 1616 2338
1 1617 556
1 1618 1121
1 1619 2621
1 1620 3887
1 1621 1092
1 1622 1822
1 1623 4120
1 1624 3642
1 1625 3802
1 1626 4156
1 1627 2086
1 1628 172
1 1629 564
1 1630 4646
1 1631 883
1 1632 1550
1 1633 1864
1 1634 4755
1 1635 1485
1 1636 2332
1 1637 2748
1 1638 29
1 1639 280
1 1640 1414
1 1641 527
1 1642 510
1 1643 3377
1 1644 1729
1 1645 3465
1 1646 1289
1 1647 3613
1 1648 3894
1 1649 2498
1 1650 4462
1 1651 4751
1 1652 872
1 1653 1084
1 1654 2624
1 1655 2315
1 1656 4652
1 1657 1422
1 1658 4243
1 1659 3163
1 1660 3767
1 1661 3619
1 1662 2923
1 1663 1135
1 1664 2183
1 1665 2858
1 1666 599
1 1667 4085
1 1668 727
1 1669 3266
1 1670 4197
1 1671 3175
1 1672 1765
1 1673 966
1 1674 1096
1 1675 3555
1 1676 1266
1 1677 2754
1 1678 1078
1 1679 1481
1 1680 4762
1 1681 943
1 1682 1064
1 1683 1446
1 1684 4937
1 1685 4177
1 1686 4039
1 1687 3145
1 1688 3775
1 1689 3460
1 1690 83
1 1691 1955
1 1692 1227
1 1693 2174
1 1694 271
1 1695 3131
1 1696 372
1 1697 3638
1 1698 3553
1 1699 4128
1 1700 877
1 1701 4629
1 1702 2400
1 1703 1269
1 1704 3400
1 1705 3313
1 1706 149
1 1707 1505
1 1708 2231
1 1709 270
1 1710 1453
1 1711 2141
1 1712 2091
1 1713 1624
1 1714 2226
1 1715 1232
1 1716 2488
1 1717 3810
1 1718 1761
1 1719 3806
1 1720 4480
1 1721 190
1 1722 2456
1 1723 4201
1 1724 4960
1 1725 535
1 1726 1729
1 1727 2570
1 1728 2854
1 1729 391
1 1730 1258
1 1731 4062
1 1732 4709
1 1733 3474
1 1734 626
1 1735 2259
1 1736 4224
1 1737 1528
1 1738 825
1 1739 4194
1 1740 1171
1 1741 2551
1 1742 2852
1 1743 2712
1 1744 64
1 1745 4874
1 1746 2786
1 1747 2945
1 1748 2625
1 1749 1362
1 1750 2334
1 1751 3433
1 1752 799
1 1753 4904
1 1754 2819
1 1755 3759
1 1756 3633
1 1757 3471
1 1758 982
1 1759 4628
1 1760 1780
1 1761 194
1 1762 1753
1 1763 2979
1 1764 2807
1 1765 1370
1 1766 1393
1 1767 4064
1 1768 3744
1 1769 2785
1 1770 3970
1 1771 4446
1 1772 4513
1 1773 2494
1 1774 210
1 1775 4479
1 1776 1982
1 1777 1018
1 1778 146
1 1779 1204
1 1780 4378
1 1781 2948
1 1782 4830
1 1783 2482
1 1784 4717
1 1785 2118
1 1786 2648
1 1787 898
1 1788 4723
1 1789 821
1 1790 2365
1 1791 1157
1 1792 2425
1 1793 2032
1 1794 3124
1 1795 2704
1 1796 2267
1 1797 2245
1 1798 1062
1 1799 4834
1 1800 1080
1 1801 1307
1 1802 3085
1 1803 4856
1 1804 1729
1 1805 4599
1 1806 575
1 1807 720
1 1808 3578
1 1809 2021
1 1810 4549
1 1811 3130
1 1812 187
1 1813 2480
1 1814 3789
1 1815 3358
1 1816 4808
1 1817 2032
1 1818 4026
1 1819 1831
1 1820 3306
1 1821 3362
1 1822 4109
1 1823 4123
1 1824 2131
1 1825 4071
1 1826 4406
1 1827 151
1 1828 805
1 1829 1066
1 1830 3399
1 1831 4201
1 1832 4232
1 1833 3447
1 1834 545
1 1835 2953
1 1836 4761
1 1837 1451
1 1838 1983
1 1839 762
1 1840 2601
1 1841 4380
1 1842 614
1 1843 1328
1 1844 633
1 1845 960
1 1846 3402
1 1847 2296
1 1848 1121
1 1849 1235
1 1850 1486
1 1851 4501
1 1852 2104
1 1853 4925
1 1854 2836
1 1855 300
1 1856 508
1 1857 2179
1 1858 2741
1 1859 919
1 1860 2113
1 1861 3761
1 1862 4377
1 1863 785
1 1864 586
1 1865 4023
1 1866 63
1 1867 2604
1 1868 3684
1 1869 1464
1 1870 3578
1 1871 310
1 1872 4638
1 1873 3275
1 1874 105
1 1875 3104
1 1876 421
1 1877 2038
1 1878 2943
1 1879 2492
1 1880 1322
1 1881 4668
1 1882 99
1 1883 618
1 1884 2777
1 1885 755
1 1886 4305
1 1887 2210
1 1888 888
1 1889 4695
1 1890 1778
1 1891 4140
1 1892 2466
1 1893 3400
1 1894 3244
1 1895 951
1 1896 3682
1 1897 3900
1 1898 406
1 1899 1683
1 1900 3629
1 1901 2870
1 1902 1987
1 1903 3005
1 1904 189
1 1905 2959
1 1906 970
1 1907 941
1 1908 609
1 1909 3808
1 1910 3459
1 1911 3480
1 1912 3080
1 1913 3828
1 1914 4819
1 1915 3948
1 1916 3466
1 1917 2130
1 1918 416
1 1919 320
1 1920 3020
1 1921 3450
1 1922 1327
1 1923 3580
1 1924 3577
1 1925 2617
1 1926 4827
1 1927 3810
1 1928 1226
1 1929 3820
1 1930 361
1 1931 979
1 1932 2948
1 1933 3956
1 1934 3940
1 1935 3248
1 1936 2993
1 1937 3409
1 1938 2608
1 1939 4223
1 1940 2092
1 1941 1866
1 1942 698
1 1943 1763
1 1944 2701
1 1945 1228
1 1946 1069
1 1947 4841
1 1948 2591
1 1949 2218
1 1950 2448
1 1951 1481
1 1952 2027
1 1953 1038
1 1954 3264
1 1955 4984
1 1956 1704
1 1957 2294
1 1958 3094
1 1959 2480
1 1960 4351
1 1961 4492
1 1962 4950
1 1963 4355
1 1964 2637
1 1965 4556
1 1966 142
1 1967 262
1 1968 4602
1 1969 3216
1 1970 2407
1 1971 2209
1 1972 331
1 1973 3607
1 1974 4299
1 1975 2697
1 1976 23
1 1977 1101
1 1978 1588
1 1979 1027
1 1980 3891
1 1981 3202
1 1982 562
1 1983 3621
1 1984 3597
1 1985 4333
1 1986 3681
1 1987 4679
1 1988 3008
1 1989 1478
1 1990 962
1 1991 1582
1 1992 3129
1 1993 2918
1 1994 2896
1 1995 163
1 1996 2003
1 1997 3787
1 1998 396
1 1999 3416
1 2000 207
1 2001 3733
1 2002 3516
1 2003 3253
1 2004 1338
1 2005 3780
1 2006 3224
1 2007 3612
1 2008 4545
1 2009 1366
1 2010 4514
1 2011 4646
1 2012 2720
1 2013 4634
1 2014 4547
1 2015 1686
1 2016 442
1 2017 4268
1 2018 1291
1 2019 4419
1 2020 157
1 2021 3567
1 2022 1359
1 2023 1005
1 2024 3337
1 2025 4981
1 2026 342
1 2027 3902
1 2028 583
1 2029 4041
1 2030 4976
1 2031 3785
1 2032 713
1 2033 4472
1 2034 3877
1 2035 283
1 2036 3902
1 2037 1286
1 2038 2441
1 2039 3202
1 2040 2824
1 2041 1827
1 2042 2731
1 2043 534
1 2044 3590
1 2045 3054
1 2046 815
1 2047 4836
1 2048 4993
1 2049 1844
1 2050 2084
1 2051 2483
1 2052 185
1 2053 3732
1 2054 4529
1 2055 902
1 2056 4468
1 2057 4274
1 2058 810
1 2059 2132
1 2060 1312
1 2061 1224
1 2062 2245
1 2063 1972
1 2064 1065
1 2065 4747
1 2066 1501
1 2067 2522
1 2068 3077
1 2069 2234
1 2070 865
1 2071 2146
1 2072 2103
1 2073 3638
1 2074 4459
1 2075 763
1 2076 3965
1 2077 2855
1 2078 650
1 2079 4885
1 2080 3352
1 2081 412
1 2082 226
1 2083 1030
1 2084 3596
1 2085 2593
1 2086 1600
1 2087 2951
1 2088 3992
1 2089 2187
1 2090 1426
1 2091 2632
1 2092 4944
1 2093 1243
1 2094 2532
1 2095 2174
1 2096 4823
1 2097 1570
1 2098 997
1 2099 3459
1 2100 4906
1 2101 4240
1 2102 534
1 2103 4995
1 2104 209
1 2105 8
1 2106 92
1 2107 423
1 2108 4307
1 2109 3396
1 2110 4705
1 2111 993
1 2112 491
1 2113 4184
1 2114 213
1 2115 4691
1 2116 4721
1 2117 1150
1 2118 4382
1 2119 2856
1 2120 2870
1 2121 4237
1 2122 376
1 2123 814
1 2124 721
1 2125 2749
1 2126 3252
1 2127 2500
1 2128 4985
1 2129 3800
1 2130 1351
1 2131 79
1 2132 2412
1 2133 1980
1 2134 2049
1 2135 3296
1 2136 1681
1 2137 3156
1 2138 290
1 2139 4663
1 2140 4366
1 2141 2365
1 2142 3750
1 2143 609
1 2144 1705
1 2145 3010
1 2146 278
1 2147 418
1 2148 3327
1 2149 1955
1 2150 1437
1 2151 4104
1 2152 2321
1 2153 2650
1 2154 629
1 2155 2381
1 2156 3289
1 2157 1123
1 2158 275
1 2159 1538
1 2160 1065
1 2161 2531
1 2162 4955
1 2163 3330
1 2164 2818
1 2165 3989
1 2166 1259
1 2167 4978
1 2168 163
1 2169 2527
1 2170 321
1 2171 1970
1 2172 726
1 2173 395
1 2174 665
1 2175 1663
1 2176 309
1 2177 3394
1 2178 2040
1 2179 3587
1 2180 2469
1 2181 1542
1 2182 383
1 2183 2970
1 2184 1824
1 2185 201
1 2186 4901
1 2187 2242
1 2188 870
1 2189 3715
1 2190 555
1 2191 1172
1 2192 2417
1 2193 2746
1 2194 2882
1 2195 4851
1 2196 1038
1 2197 719
1 2198 2191
1 2199 4975
1 2200 2043
1 2201 4242
1 2202 652
1 2203 3713
1 2204 602
1 2205 1929
1 2206 3691
1 2207 1012
1 2208 1589
1 2209 769
1 2210 1410
1 2211 344
1 2212 2601
1 2213 4102
1 2214 1455
1 2215 4770
1 2216 3394
1 2217 286
1 2218 1869
1 2219 4671
1 2220 4679
1 2221 1338
1 2222 997
1 2223 650
1 2224 2811
1 2225 1207
1 2226 1418
1 2227 4943
1 2228 4405
1 2229 3832
1 2230 1239
1 2231 2111
1 2232 1335
1 2233 1810
1 2234 3787
1 2235 4923
1 2236 1877
1 2237 2331
1 2238 926
1 2239 4124
1 2240 3004
1 2241 3013
1 2242 743
1 2243 1202
1 2244 1930
1 2245 1411
1 2246 2314
1 2247 1369
1 2248 2083
1 2249 3266
1 2250 3638
1 2251 4716
1 2252 4594
1 2253 1000
1 2254 3577
1 2255 1901
1 2256 1256
1 2257 601
1 2258 4839
1 2259 1796
1 2260 3651
1 2261 1761
1 2262 2598
1 2263 2229
1 2264 822
1 2265 3086
1 2266 2361
1 2267 1333
1 2268 4404
1 2269 1253
1 2270 1073
1 2271 1030
1 2272 633
1 2273 222
1 2274 2242
1 2275 894
1 2276 3020
1 2277 4006
1 2278 4108
1 2279 4932
1 2280 2750
1 2281 4042
1 2282 4457
1 2283 865
1 2284 1075
1 2285 4901
1 2286 1722
1 2287 1103
1 2288 4077
1 2289 4939
1 2290 4437
1 2291 1958
1 2292 140
1 2293 1505
1 2294 4945
1 2295 2570
1 2296 4443
1 2297 3478
1 2298 3480
1 2299 2661
1 2300 2542
1 2301 2250
1 2302 435
1 2303 3510
1 2304 1879
1 2305 731
1 2306 2611
1 2307 4466
1 2308 655
1 2309 3611
1 2310 3780
1 2311 2932
1 2312 3071
1 2313 893
1 2314 686
1 2315 3953
1 2316 3333
1 2317 666
1 2318 2923
1 2319 1499
1 2320 3240
1 2321 1197
1 2322 3804
1 2323 2063
1 2324 4349
1 2325 1682
1 2326 4378
1 2327 2402
1 2328 927
1 2329 404
1 2330 4311
1 2331 2151
1 2332 3957
1 2333 3640
1 2334 1161
1 2335 3536
1 2336 4415
1 2337 3383
1 2338 3957
1 2339 4632
1 2340 940
1 2341 1816
1 2342 2628
1 2343 4404
1 2344 2802
1 2345 555
1 2346 2008
1 2347 2324
1 2348 3748
1 2349 2836
1 2350 2616
1 2351 2466
1 2352 930
1 2353 2215
1 2354 353
1 2355 1801
1 2356 599
1 2357 1835
1 2358 3599
1 2359 4901
1 2360 3684
1 2361 4003
1 2362 3920
1 2363 2351
1 2364 4662
1 2365 624
1 2366 750
1 2367 2970
1 2368 1390
1 2369 1050
1 2370 947
1 2371 366
1 2372 1659
1 2373 2
1 2374 1114
1 2375 2447
1 2376 4292
1 2377 4557
1 2378 3900
1 2379 3246
1 2380 3538
1 2381 610
1 2382 4295
1 2383 4832
1 2384 368
1 2385 839
1 2386 3103
1 2387 3145
1 2388 3040
1 2389 2978
1 2390 2346
1 2391 283
1 2392 1943
1 2393 4090
1 2394 1372
1 2395 2160
1 2396 310
1 2397 3646
1 2398 2789
1 2399 4498
1 2400 2871
1 2401 403
1 2402 4208
1 2403 1757
1 2404 3881
1 2405 517
1 2406 4927
1 2407 2986
1 2408 4246
1 2409 1804
1 2410 1345
1 2411 564
1 2412 4679
1 2413 1831
1 2414 891
1 2415 2442
1 2416 2895
1 2417 322
1 2418 1702
1 2419 823
1 2420 2876
1 2421 4401
1 2422 4084
1 2423 178
1 2424 3137
1 2425 3367
1 2426 61
1 2427 102
1 2428 3741
1 2429 3007
1 2430 3957
1 2431 3828
1 2432 3552
1 2433 2936
1 2434 4982
1 2435 1101
1 2436 4819
1 2437 4106
1 2438 2288
1 2439 4769
1 2440 1736
1 2441 2408
1 2442 3798
1 2443 3621
1 2444 3074
1 2445 3228
1 2446 2391
1 2447 4977
1 2448 1293
1 2449 963
1 2450 1711
1 2451 4040
1 2452 1852
1 2453 1720
1 2454 3930
1 2455 3266
1 2456 1544
1 2457 1878
1 2458 3307
1 2459 3874
1 2460 3776
1 2461 4734
1 2462 2267
1 2463 3131
1 2464 1698
1 2465 2229
1 2466 1026
1 2467 257
1 2468 1931
1 2469 3585
1 2470 2511
1 2471 626
1 2472 2466
1 2473 2772
1 2474 1404
1 2475 2410
1 2476 2970
1 2477 1901
1 2478 4711
1 2479 2020
1 2480 4360
1 2481 3007
1 2482 1127
1 2483 4453
1 2484 1983
1 2485 1183
1 2486 2848
1 2487 2156
1 2488 3171
1 2489 2717
1 2490 1197
1 2491 1124
1 2492 257
1 2493 2688
1 2494 1567
1 2495 733
1 2496 4346
1 2497 2477
1 2498 3772
1 2499 4240
1 2500 3284
1 2501 3767
1 2502 813
1 2503 4974
1 2504 4282
1 2505 1923
1 2506 2463
1 2507 3993
1 2508 2630
1 2509 3065
1 2510 4817
1 2511 3377
1 2512 2738
1 2513 790
1 2514 3162
1 2515 399
1 2516 1535
1 2517 216
1 2518 3076
1 2519 1511
1 2520 1895
1 2521 3991
1 2522 3672
1 2523 1488
1 2524 345
1 2525 1934
1 2526 2285
1 2527 2057
1 2528 3760
1 2529 3255
1 2530 1722
1 2531 1070
1 2532 4152
1 2533 2642
1 2534 4376
1 2535 2570
1 2536 3937
1 2537 4095
1 2538 2145
1 2539 155
1 2540 1249
1 2541 4037
1 2542 2099
1 2543 638
1 2544 985
1 2545 3131
1 2546 275
1 2547 2359
1 2548 2258
1 2549 4227
1 2550 4813
1 2551 2432
1 2552 1849
1 2553 2021
1 2554 4871
1 2555 4879
1 2556 1063
1 2557 3351
1 2558 3428
1 2559 1819
1 2560 124
1 2561 540
1 2562 110
1 2563 2874
1 2564 4882
1 2565 3802
1 2566 4652
1 2567 3518
1 2568 105
1 2569 2564
1 2570 2455
1 2571 1321
1 2572 2124
1 2573 4474
1 2574 990
1 2575 1
1 2576 900
1 2577 4983
1 2578 4448
1 2579 4691
1 2580 2868
1 2581 4660
1 2582 4154
1 2583 3090
1 2584 1061
1 2585 804
1 2586 3721
1 2587 1025
1 2588 3087
1 2589 4498
1 2590 825
1 2591 2463
1 2592 498
1 2593 3982
1 2594 1798
1 2595 3234
1 2596 4990
1 2597 116
1 2598 925
1 2599 4521
1 2600 2639
1 2601 4727
1 2602 3452
1 2603 1713
1 2604 2075
1 2605 2867
1 2606 4842
1 2607 1333
1 2608 1102
1 2609 324
1 2610 3712
1 2611 3598
1 2612 3774
1 2613 3294
1 2614 2276
1 2615 600
1 2616 1339
1 2617 2723
1 2618 779
1 2619 246
1 2620 795
1 2621 1728
1 2622 1629
1 2623 3861
1 2624 4014
1 2625 425
1 2626 4433
1 2627 781
1 2628 3526
1 2629 3660
1 2630 120
1 2631 1391
1 2632 3087
1 2633 3438
1 2634 712
1 2635 765
1 2636 2109
1 2637 4272
1 2638 1044
1 2639 3494
1 2640 2852
1 2641 1305
1 2642 4931
1 2643 1354
1 2644 3066
1 2645 2794
1 2646 868
1 2647 4154
1 2648 4412
1 2649 498
1 2650 1319
1 2651 502
1 2652 3558
1 2653 3554
1 2654 62
1 2655 4251
1 2656 3331
1 2657 3676
1 2658 3849
1 2659 4049
1 2660 675
1 2661 1892
1 2662 2864
1 2663 2798
1 2664 1455
1 2665 4589
1 2666 4045
1 2667 779
1 2668 4346
1 2669 4310
1 2670 2399
1 2671 899
1 2672 2129
1 2673 3644
1 2674 2825
1 2675 1777
1 2676 3741
1 2677 3517
1 2678 3821
1 2679 4402
1 2680 4314
1 2681 402
1 2682 4678
1 2683 669
1 2684 3282
1 2685 259
1 2686 4409
1 2687 2430
1 2688 2330
1 2689 525
1 2690 3723
1 2691 2572
1 2692 617
1 2693 79
1 2694 794
1 2695 276
1 2696 4217
1 2697 945
1 2698 2459
1 2699 842
1 2700 179
1 2701 4396
1 2702 4740
1 2703 1339
1 2704 2955
1 2705 3272
1 2706 250
1 2707 1954
1 2708 2187
1 2709 1560
1 2710 158
1 2711 4080
1 2712 1027
1 2713 1713
1 2714 4841
1 2715 82
1 2716 3207
1 2717 4765
1 2718 270
1 2719 1199
1 2720 68
1 2721 3018
1 2722 1473
1 2723 4230
1 2724 633
1 2725 4973
1 2726 116
1 2727 4484
1 2728 3582
1 2729 2226
1 2730 380
1 2731 1983
1 2732 4703
1 2733 3234
1 2734 807
1 2735 46
1 2736 1971
1 2737 4230
1 2738 4727
1 2739 210
1 2740 2915
1 2741 3062
1 2742 3221
1 2743 4892
1 2744 363
1 2745 2426
1 2746 2288
1 2747 4317
1 2748 2946
1 2749 4744
1 2750 57
1 2751 2051
1 2752 975
1 2753 1976
1 2754 418
1 2755 3853
1 2756 1457
1 2757 4740
1 2758 1418
1 2759 2703
1 2760 3001
1 2761 1441
1 2762 114
1 2763 3584
1 2764 2376
1 2765 4557
1 2766 367
1 2767 10
1 2768 4260
1 2769 2811
1 2770 1221
1 2771 339
1 2772 4537
1 2773 4759
1 2774 1107
1 2775 635
1 2776 105
1 2777 1209
1 2778 2081
1 2779 2229
1 2780 4782
1 2781 985
1 2782 3734
1 2783 1117
1 2784 1309
1 2785 1767
1 2786 3175
1 2787 3065
1 2788 3888
1 2789 133
1 2790 725
1 2791 2593
1 2792 3935
1 2793 2469
1 2794 563
1 2795 1045
1 2796 3940
1 2797 1112
1 2798 1586
1 2799 3551
1 2800 427
1 2801 2961
1 2802 1167
1 2803 2070
1 2804 2003
1 2805 782
1 2806 3348
1 2807 1587
1 2808 2395
1 2809 611
1 2810 3205
1 2811 4239
1 2812 1211
1 2813 2003
1 2814 825
1 2815 1357
1 2816 1849
1 2817 1322
1 2818 1317
1 2819 1382
1 2820 1646
1 2821 1924
1 2822 1811
1 2823 2203
1 2824 3866
1 2825 3893
1 2826 2193
1 2827 4691
1 2828 4594
1 2829 4902
1 2830 3651
1 2831 131
1 2832 4918
1 2833 2919
1 2834 2751
1 2835 2796
1 2836 76
1 2837 708
1 2838 3850
1 2839 128
1 2840 2369
1 2841 1520
1 2842 4161
1 2843 1868
1 2844 3737
1 2845 4912
1 2846 3650
1 2847 1002
1 2848 1854
1 2849 1412
1 2850 1274
1 2851 3568
1 2852 473
1 2853 4576
1 2854 4759
1 2855 1218
1 2856 557
1 2857 4084
1 2858 3249
1 2859 4935
1 2860 3407
1 2861 3675
1 2862 645
1 2863 422
1 2864 600
1 2865 3113
1 2866 2434
1 2867 546
1 2868 3070
1 2869 3869
1 2870 75
1 2871 2626
1 2872 3046
1 2873 3872
1 2874 4803
1 2875 3523
1 2876 2913
1 2877 2530
1 2878 1831
1 2879 3247
1 2880 4255
1 2881 3162
1 2882 1486
1 2883 3222
1 2884 3496
1 2885 1171
1 2886 770
1 2887 3470
1 2888 2569
1 2889 2533
1 2890 2219
1 2891 3689
1 2892 3990
1 2893 3664
1 2894 1664
1 2895 1628
1 2896 4583
1 2897 312
1 2898 2737
1 2899 3208
1 2900 826
1 2901 4893
1 2902 3477
1 2903 2565
1 2904 1469
1 2905 3610
1 2906 4432
1 2907 1537
1 2908 4637
1 2909 1750
1 2910 3033
1 2911 2194
1 2912 2109
1 2913 2829
1 2914 807
1 2915 2639
1 2916 2831
1 2917 4589
1 2918 3222
1 2919 690
1 2920 1020
1 2921 2434
1 2922 1552
1 2923 2026
1 2924 1415
1 2925 3573
1 2926 2192
1 2927 4046
1 2928 297
1 2929 3012
1 2930 1264
1 2931 4004
1 2932 946
1 2933 517
1 2934 1186
1 2935 4924
1 2936 1086
1 2937 887
1 2938 1138
1 2939 449
1 2940 2698
1 2941 3149
1 2942 4965
1 2943 42
1 2944 1302
1 2945 2814
1 2946 3162
1 2947 3899
1 2948 2436
1 2949 4932
1 2950 4980
1 2951 2514
1 2952 2601
1 2953 4517
1 2954 2624
1 2955 4088
1 2956 385
1 2957 4822
1 2958 1723
1 2959 3888
1 2960 818
1 2961 3088
1 2962 979
1 2963 3211
1 2964 2274
1 2965 2628
1 2966 3942
1 2967 1809
1 2968 393
1 2969 4529
1 2970 2385
1 2971 1545
1 2972 2566
1 2973 1859
1 2974 3626
1 2975 532
1 2976 4494
1 2977 3939
1 2978 3441
1 2979 1221
1 2980 2224
1 2981 3202
1 2982 1955
1 2983 2736
1 2984 3835
1 2985 2131
1 2986 1951
1 2987 2251
1 2988 4648
1 2989 3029
1 2990 2634
1 2991 2349
1 2992 3441
1 2993 3690
1 2994 1743
1 2995 1138
1 2996 4629
1 2997 2573
1 2998 280
1 2999 4331
1 3000 2822
1 3001 2744
1 3002 1860
1 3003 3644
1 3004 1437
1 3005 4673
1 3006 2798
1 3007 3639
1 3008 1319
1 3009 3965
1 3010 4664
1 3011 4558
1 3012 3414
1 3013 1227
1 3014 2915
1 3015 1816
1 3016 1593
1 3017 2578
1 3018 3659
1 3019 3534
1 3020 2673
1 3021 756
1 3022 304
1 3023 918
1 3024 505
1 3025 3383
1 3026 3081
1 3027 2347
1 3028 4783
1 3029 1708
1 3030 1966
1 3031 735
1 3032 2874
1 3033 73
1 3034 2555
1 3035 131
1 3036 4530
1 3037 3416
1 3038 4801
1 3039 1513
1 3040 4842
1 3041 2363
1 3042 1373
1 3043 4450
1 3044 140
1 3045 2840
1 3046 545
1 3047 632
1 3048 4856
1 3049 4695
1 3050 3196
1 3051 2261
1 3052 4564
1 3053 1494
1 3054 4490
1 3055 2954
1 3056 1473
1 3057 1547
1 3058 3220
1 3059 1128
1 3060 3696
1 3061 3197
1 3062 679
1 3063 784
1 3064 3510
1 3065 605
1 3066 1115
1 3067 2246
1 3068 2627
1 3069 4556
1 3070 2484
1 3071 672
1 3072 4253
1 3073 1332
1 3074 4295
1 3075 3118
1 3076 2306
1 3077 1303
1 3078 3752
1 3079 487
1 3080 2725
1 3081 2686
1 3082 2300
1 3083 3970
1 3084 229
1 3085 4904
1 3086 1944
1 3087 1495
1 3088 1249
1 3089 21
1 3090 4359
1 3091 3223
1 3092 4995
1 3093 70
1 3094 947
1 3095 1385
1 3096 4789
1 3097 2433
1 3098 3426
1 3099 3617
1 3100 868
1 3101 69
1 3102 2473
1 3103 445
1 3104 3817
1 3105 3076
1 3106 1239
1 3107 1818
1 3108 4696
1 3109 2984
1 3110 1230
1 3111 4362
1 3112 3688
1 3113 1209
1 3114 214
1 3115 579
1 3116 3802
1 3117 3305
1 3118 291
1 3119 3334
1 3120 4761
1 3121 1000
1 3122 4206
1 3123 3797
1 3124 4705
1 3125 4517
1 3126 4332
1 3127 3470
1 3128 3754
1 3129 3360
1 3130 1454
1 3131 1050
1 3132 3796
1 3133 4554
1 3134 4670
1 3135 2664
1 3136 3079
1 3137 3317
1 3138 4251
1 3139 4432
1 3140 2326
1 3141 2286
1 3142 1268
1 3143 4422
1 3144 1130
1 3145 1702
1 3146 1152
1 3147 1790
1 3148 4310
1 3149 4416
1 3150 3146
1 3151 4328
1 3152 2782
1 3153 1177
1 3154 3749
1 3155 1666
1 3156 2235
1 3157 3446
1 3158 4863
1 3159 125
1 3160 573
1 3161 2859
1 3162 1340
1 3163 1563
1 3164 1653
1 3165 3595
1 3166 2998
1 3167 2606
1 3168 3309
1 3169 1069
1 3170 3020
1 3171 2326
1 3172 2050
1 3173 2822
1 3174 2808
1 3175 771
1 3176 94
1 3177 4975
1 3178 3015
1 3179 2756
1 3180 2591
1 3181 341
1 3182 1491
1 3183 970
1 3184 4007
1 3185 2144
1 3186 1287
1 3187 4767
1 3188 2604
1 3189 282
1 3190 723
1 3191 973
1 3192 921
1 3193 281
1 3194 2736
1 3195 671
1 3196 2917
1 3197 3378
1 3198 2399
1 3199 1185
1 3200 206
1 3201 4660
1 3202 4526
1 3203 439
1 3204 423
1 3205 4842
1 3206 2755
1 3207 1457
1 3208 299
1 3209 34
1 3210 2356
1 3211 2992
1 3212 4466
1 3213 2814
1 3214 1291
1 3215 3208
1 3216 3374
1 3217 2031
1 3218 2710
1 3219 1882
1 3220 4924
1 3221 3019
1 3222 2181
1 3223 2801
1 3224 4622
1 3225 4311
1 3226 4401
1 3227 1927
1 3228 3103
1 3229 1552
1 3230 2083
1 3231 3396
1 3232 2847
1 3233 3999
1 3234 3949
1 3235 4640
1 3236 2801
1 3237 3911
1 3238 4539
1 3239 3726
1 3240 397
1 3241 4171
1 3242 598
1 3243 1531
1 3244 154
1 3245 4680
1 3246 2371
1 3247 3507
1 3248 1647
1 3249 3407
1 3250 3025
1 3251 613
1 3252 2134
1 3253 3523
1 3254 777
1 3255 1440
1 3256 537
1 3257 3680
1 3258 1038
1 3259 2700
1 3260 4804
1 3261 4349
1 3262 21
1 3263 3007
1 3264 3885
1 3265 4100
1 3266 1818
1 3267 322
1 3268 3698
1 3269 832
1 3270 2920
1 3271 1528
1 3272 3490
1 3273 4294
1 3274 1497
1 3275 3341
1 3276 4944
1 3277 2644
1 3278 3537
1 3279 2172
1 3280 1235
1 3281 2423
1 3282 4134
1 3283 1607
1 3284 1979
1 3285 3082
1 3286 4759
1 3287 4896
1 3288 2699
1 3289 4117
1 3290 1385
1 3291 1220
1 3292 3984
1 3293 4942
1 3294 3695
1 3295 3500
1 3296 1003
1 3297 4849
1 3298 2416
1 3299 2250
1 3300 3397
1 3301 2827
1 3302 54
1 3303 4269
1 3304 3890
1 3305 4509
1 3306 4859
1 3307 1983
1 3308 1113
1 3309 1253
1 3310 3946
1 3311 3911
1 3312 3268
1 3313 4207
1 3314 3864
1 3315 4024
1 3316 4241
1 3317 4208
1 3318 765
1 3319 2730
1 3320 2702
1 3321 1565
1 3322 2558
1 3323 4856
1 3324 2525
1 3325 3061
1 3326 2093
1 3327 263
1 3328 4611
1 3329 2028
1 3330 3435
1 3331 664
1 3332 802
1 3333 964
1 3334 2795
1 3335 1821
1 3336 134
1 3337 4955
1 3338 1507
1 3339 3521
1 3340 1095
1 3341 3138
1 3342 731
1 3343 654
1 3344 923
1 3345 4510
1 3346 1247
1 3347 2268
1 3348 4222
1 3349 3690
1 3350 1758
1 3351 1686
1 3352 3340
1 3353 1630
1 3354 641
1 3355 4660
1 3356 2018
1 3357 860
1 3358 3960
1 3359 4036
1 3360 1798
1 3361 4584
1 3362 1876
1 3363 3623
1 3364 2545
1 3365 3829
1 3366 1262
1 3367 772
1 3368 4243
1 3369 1887
1 3370 4495
1 3371 1688
1 3372 1900
1 3373 502
1 3374 2870
1 3375 622
1 3376 4002
1 3377 2604
1 3378 3043
1 3379 3954
1 3380 2476
1 3381 1896
1 3382 1212
1 3383 2574
1 3384 3492
1 3385 297
1 3386 2524
1 3387 1147
1 3388 3808
1 3389 28
1 3390 2291
1 3391 600
1 3392 1532
1 3393 3147
1 3394 1203
1 3395 605
1 3396 3346
1 3397 2456
1 3398 3641
1 3399 1935
1 3400 2240
1 3401 4006
1 3402 1575
1 3403 4291
1 3404 781
1 3405 2862
1 3406 1312
1 3407 3642
1 3408 4752
1 3409 423
1 3410 1523
1 3411 4137
1 3412 787
1 3413 3322
1 3414 3545
1 3415 3396
1 3416 4262
1 3417 883
1 3418 3999
1 3419 1333
1 3420 288
1 3421 156
1 3422 78
1 3423 1719
1 3424 1110
1 3425 4804
1 3426 4751
1 3427 2359
1 3428 2613
1 3429 1506
1 3430 2253
1 3431 4098
1 3432 906
1 3433 47
1 3434 3912
1 3435 877
1 3436 2156
1 3437 1036
1 3438 345
1 3439 2715
1 3440 4943
1 3441 2962
1 3442 3494
1 3443 782
1 3444 4405
1 3445 3397
1 3446 804
1 3447 3730
1 3448 1367
1 3449 2247
1 3450 4096
1 3451 2022
1 3452 2444
1 3453 3348
1 3454 2312
1 3455 2336
1 3456 3857
1 3457 4121
1 3458 372
1 3459 1999
1 3460 2306
1 3461 1687
1 3462 855
1 3463 4034
1 3464 800
1 3465 2608
1 3466 1050
1 3467 1642
1 3468 778
1 3469 2381
1 3470 220
1 3471 1834
1 3472 4194
1 3473 4923
1 3474 581
1 3475 1489
1 3476 524
1 3477 1531
1 3478 599
1 3479 356
1 3480 3770
1 3481 3246
1 3482 679
1 3483 4343
1 3484 3646
1 3485 88
1 3486 4223
1 3487 4013
1 3488 3078
1 3489 407
1 3490 1343
1 3491 2353
1 3492 1037
1 3493 3440
1 3494 3207
1 3495 2751
1 3496 517
1 3497 3235
1 3498 2130
1 3499 2593
1 3500 1147
1 3501 2286
1 3502 1023
1 3503 52
1 3504 4546
1 3505 3604
1 3506 752
1 3507 1466
1 3508 3014
1 3509 423
1 3510 289
1 3511 4139
1 3512 3574
1 3513 3447
1 3514 2279
1 3515 4532
1 3516 4695
1 3517 1354
1 3518 783
1 3519 4620
1 3520 2257
1 3521 1240
1 3522 3518
1 3523 4566
1 3524 4431
1 3525 1857
1 3526 2876
1 3527 3004
1 3528 2200
1 3529 3752
1 3530 3352
1 3531 1956
1 3532 3186
1 3533 1908
1 3534 2799
1 3535 1797
1 3536 1289
1 3537 3055
1 3538 1099
1 3539 2755
1 3540 3405
1 3541 1605
1 3542 2417
1 3543 3157
1 3544 2157
1 3545 81
1 3546 1194
1 3547 973
1 3548 116
1 3549 1980
1 3550 2450
1 3551 4286
1 3552 1509
1 3553 2237
1 3554 3733
1 3555 2943
1 3556 1730
1 3557 2862
1 3558 4300
1 3559 3039
1 3560 3308
1 3561 3850
1 3562 1691
1 3563 2842
1 3564 4159
1 3565 2164
1 3566 1918
1 3567 3441
1 3568 37
1 3569 4465
1 3570 1864
1 3571 4702
1 3572 3116
1 3573 2249
1 3574 1391
1 3575 2081
1 3576 2558
1 3577 1253
1 3578 2823
1 3579 2482
1 3580 701
1 3581 273
1 3582 2166
1 3583 2583
1 3584 278
1 3585 3071
1 3586 4457
1 3587 1053
1 3588 3648
1 3589 639
1 3590 93
1 3591 1610
1 3592 4621
1 3593 4914
1 3594 4870
1 3595 2156
1 3596 1835
1 3597 3967
1 3598 3704
1 3599 1119
1 3600 50
1 3601 2809
1 3602 1717
1 3603 682
1 3604 1936
1 3605 3219
1 3606 1422
1 3607 2808
1 3608 3118
1 3609 400
1 3610 1259
1 3611 2841
1 3612 2305
1 3613 3876
1 3614 3605
1 3615 1972
1 3616 1286
1 3617 4745
1 3618 4694
1 3619 4073
1 3620 1483
1 3621 1304
1 3622 4608
1 3623 4224
1 3624 4511
1 3625 108
1 3626 2564
1 3627 757
1 3628 3914
1 3629 4717
1 3630 1304
1 3631 4793
1 3632 3817
1 3633 4749
1 3634 4288
1 3635 1074
1 3636 2756
1 3637 3369
1 3638 709
1 3639 1335
1 3640 2365
1 3641 1999
1 3642 1132
1 3643 1589
1 3644 886
1 3645 1883
1 3646 665
1 3647 2495
1 3648 739
1 3649 3113
1 3650 2143
1 3651 2389
1 3652 2467
1 3653 2838
1 3654 3747
1 3655 653
1 3656 4447
1 3657 710
1 3658 3876
1 3659 4870
1 3660 3689
1 3661 1041
1 3662 811
1 3663 3571
1 3664 2870
1 3665 2773
1 3666 942
1 3667 2486
1 3668 2553
1 3669 98
1 3670 1869
1 3671 894
1 3672 153
1 3673 3522
1 3674 695
1 3675 1053
1 3676 3805
1 3677 3201
1 3678 3225
1 3679 2719
1 3680 4772
1 3681 3647
1 3682 1593
1 3683 1444
1 3684 1377
1 3685 1259
1 3686 1018
1 3687 3684
1 3688 765
1 3689 3692
1 3690 1048
1 3691 3747
1 3692 1970
1 3693 2782
1 3694 2632
1 3695 2274
1 3696 4870
1 3697 591
1 3698 4808
1 3699 3221
1 3700 4619
1 3701 1149
1 3702 3628
1 3703 1328
1 3704 49
1 3705 3649
1 3706 1170
1 3707 4638
1 3708 2363
1 3709 1166
1 3710 4132
1 3711 1926
1 3712 2148
1 3713 2460
1 3714 4581
1 3715 2839
1 3716 3389
1 3717 3050
1 3718 4844
1 3719 4125
1 3720 2674
1 3721 555
1 3722 4428
1 3723 3580
1 3724 252
1 3725 3237
1 3726 4117
1 3727 4255
1 3728 1925
1 3729 4787
1 3730 1057
1 3731 10
1 3732 2040
1 3733 2665
1 3734 3750
1 3735 4727
1 3736 2972
1 3737 1724
1 3738 2334
1 3739 1362
1 3740 601
1 3741 4410
1 3742 2452
1 3743 3555
1 3744 3215
1 3745 3576
1 3746 296
1 3747 1677
1 3748 3186
1 3749 3836
1 3750 2127
1 3751 2062
1 3752 1523
1 3753 2412
1 3754 3686
1 3755 2658
1 3756 131
1 3757 647
1 3758 3426
1 3759 465
1 3760 169
1 3761 2706
1 3762 3433
1 3763 981
1 3764 2433
1 3765 3486
1 3766 3225
1 3767 2299
1 3768 2078
1 3769 3461
1 3770 4366
1 3771 1640
1 3772 340
1 3773 3968
1 3774 2970
1 3775 4897
1 3776 100
1 3777 2449
1 3778 2730
1 3779 164
1 3780 313
1 3781 3311
1 3782 3054
1 3783 4363
1 3784 1312
1 3785 1318
1 3786 278
1 3787 2782
1 3788 3977
1 3789 937
1 3790 4652
1 3791 4769
1 3792 585
1 3793 1604
1 3794 2026
1 3795 4882
1 3796 3924
1 3797 703
1 3798 1701
1 3799 2508
1 3800 3903
1 3801 2905
1 3802 931
1 3803 4324
1 3804 2477
1 3805 1650
1 3806 1933
1 3807 3035
1 3808 3160
1 3809 738
1 3810 4080
1 3811 2460
1 3812 783
1 3813 1415
1 3814 2157
1 3815 3432
1 3816 455
1 3817 2859
1 3818 1165
1 3819 1926
1 3820 1850
1 3821 1703
1 3822 4196
1 3823 517
1 3824 1082
1 3825 4046
1 3826 2306
1 3827 1557
1 3828 2380
1 3829 1461
1 3830 4171
1 3831 449
1 3832 742
1 3833 637
1 3834 3525
1 3835 4986
1 3836 4528
1 3837 4651
1 3838 4047
1 3839 2038
1 3840 3686
1 3841 2323
1 3842 4407
1 3843 773
1 3844 4939
1 3845 760
1 3846 622
1 3847 2212
1 3848 4793
1 3849 4979
1 3850 3775
1 3851 3144
1 3852 4671
1 3853 2454
1 3854 3383
1 3855 3357
1 3856 4818
1 3857 4546
1 3858 399
1 3859 3667
1 3860 4890
1 3861 1009
1 3862 3907
1 3863 3480
1 3864 4297
1 3865 3235
1 3866 2063
1 3867 454
1 3868 4424
1 3869 1415
1 3870 728
1 3871 1402
1 3872 2849
1 3873 575
1 3874 2534
1 3875 2712
1 3876 1550
1 3877 306
1 3878 4852
1 3879 445
1 3880 1857
1 3881 3064
1 3882 2223
1 3883 4736
1 3884 3639
1 3885 1101
1 3886 2341
1 3887 307
1 3888 4777
1 3889 2464
1 3890 4613
1 3891 4668
1 3892 4499
1 3893 2002
1 3894 1643
1 3895 3101
1 3896 557
1 3897 3981
1 3898 1725
1 3899 4602
1 3900 549
1 3901 3753
1 3902 4594
1 3903 745
1 3904 1902
1 3905 1881
1 3906 3200
1 3907 4883
1 3908 3178
1 3909 292
1 3910 1272
1 3911 2173
1 3912 1379
1 3913 1281
1 3914 4774
1 3915 1658
1 3916 901
1 3917 1692
1 3918 118
1 3919 69
1 3920 4594
1 3921 1154
1 3922 3220
1 3923 3027
1 3924 1184
1 3925 51
1 3926 1011
1 3927 3085
1 3928 938
1 3929 4818
1 3930 1041
1 3931 382
1 3932 3042
1 3933 202
1 3934 217
1 3935 745
1 3936 3631
1 3937 412
1 3938 466
1 3939 2738
1 3940 2777
1 3941 3405
1 3942 2392
1 3943 4493
1 3944 2057
1 3945 152
1 3946 2558
1 3947 3179
1 3948 1471
1 3949 3409
1 3950 1057
1 3951 4596
1 3952 629
1 3953 3358
1 3954 3484
1 3955 2706
1 3956 4092
1 3957 531
1 3958 225
1 3959 3856
1 3960 4671
1 3961 4557
1 3962 1235
1 3963 3110
1 3964 1336
1 3965 643
1 3966 1116
1 3967 336
1 3968 52
1 3969 4142
1 3970 2366
1 3971 1674
1 3972 1555
1 3973 2214
1 3974 4115
1 3975 2565
1 3976 4565
1 3977 393
1 3978 4540
1 3979 1798
1 3980 1399
1 3981 798
1 3982 2415
1 3983 1914
1 3984 295
1 3985 2852
1 3986 1934
1 3987 4875
1 3988 16
1 3989 1625
1 3990 17
1 3991 3120
1 3992 2442
1 3993 3340
1 3994 1814
1 3995 7
1 3996 2951
1 3997 2166
1 3998 3007
1 3999 150
1 4000 1365
1 4001 2121
1 4002 1812
1 4003 4382
1 4004 3076
1 4005 2845
1 4006 4296
1 4007 862
1 4008 820
1 4009 2997
1 4010 3732
1 4011 3402
1 4012 2189
1 4013 268
1 4014 3241
1 4015 183
1 4016 1629
1 4017 2340
1 4018 902
1 4019 894
1 4020 3132
1 4021 3629
1 4022 2819
1 4023 2747
1 4024 1273
1 4025 3342
1 4026 2410
1 4027 979
1 4028 3544
1 4029 1178
1 4030 3297
1 4031 2207
1 4032 1153
1 4033 2993
1 4034 3746
1 4035 4443
1 4036 3619
1 4037 4904
1 4038 2554
1 4039 680
1 4040 4489
1 4041 562
1 4042 4659
1 4043 3677
1 4044 1471
1 4045 2822
1 4046 4490
1 4047 3019
1 4048 4120
1 4049 2600
1 4050 1291
1 4051 1531
1 4052 973
1 4053 4507
1 4054 3200
1 4055 1895
1 4056 669
1 4057 734
1 4058 873
1 4059 659
1 4060 3195
1 4061 1776
1 4062 1836
1 4063 861
1 4064 2831
1 4065 4771
1 4066 3541
1 4067 1184
1 4068 3784
1 4069 2659
1 4070 1328
1 4071 3888
1 4072 2757
1 4073 4881
1 4074 2077
1 4075 772
1 4076 4914
1 4077 3050
1 4078 400
1 4079 1061
1 4080 785
1 4081 2881
1 4082 1610
1 4083 2440
1 4084 1668
1 4085 1686
1 4086 4548
1 4087 1397
1 4088 4998
1 4089 3887
1 4090 2606
1 4091 1686
1 4092 3957
1 4093 356
1 4094 2907
1 4095 4987
1 4096 2347
1 4097 852
1 4098 1662
1 4099 765
1 4100 1346
1 4101 2464
1 4102 3190
1 4103 2937
1 4104 4335
1 4105 770
1 4106 937
1 4107 4204
1 4108 4401
1 4109 4369
1 4110 1116
1 4111 4786
1 4112 1491
1 4113 2548
1 4114 3252
1 4115 882
1 4116 2419
1 4117 115
1 4118 2008
1 4119 4385
1 4120 2131
1 4121 2831
1 4122 1162
1 4123 4249
1 4124 3647
1 4125 1476
1 4126 3480
1 4127 1432
1 4128 2132
1 4129 2290
1 4130 4560
1 4131 3539
1 4132 366
1 4133 1435
1 4134 4402
1 4135 2113
1 4136 3726
1 4137 1152
1 4138 2603
1 4139 27
1 4140 2446
1 4141 510
1 4142 1557
1 4143 3577
1 4144 2533
1 4145 3976
1 4146 2017
1 4147 3697
1 4148 4234
1 4149 1561
1 4150 1663
1 4151 3175
1 4152 3330
1 4153 4966
1 4154 80
1 4155 1868
1 4156 891
1 4157 4975
1 4158 2705
1 4159 4697
1 4160 1301
1 4161 1319
1 4162 1831
1 4163 2643
1 4164 1545
1 4165 2378
1 4166 4729
1 4167 42
1 4168 1739
1 4169 3390
1 4170 2314
1 4171 2238
1 4172 2860
1 4173 3260
1 4174 1539
1 4175 1043
1 4176 2458
1 4177 1697
1 4178 898
1 4179 1532
1 4180 2906
1 4181 163
1 4182 971
1 4183 2392
1 4184 4389
1 4185 2017
1 4186 980
1 4187 3431
1 4188 1418
1 4189 4335
1 4190 2661
1 4191 2888
1 4192 2102
1 4193 1118
1 4194 4619
1 4195 3852
1 4196 3828
1 4197 4967
1 4198 3493
1 4199 3445
1 4200 2245
3
2 6 7
2 3 4
1 2 500
